<?xml version="1.0" encoding="UTF-8"?>
<!-- Generated by org.testng.reporters.JUnitReportReporter -->
<testsuite skipped="0" hostname="DaditMacBookPro.local" name="mainTesting.deleteGist" tests="1" failures="0" timestamp="2020-05-07T23:39:29 WIB" time="18.871" errors="0">
  <testcase name="exploratoryGist" time="18.871" classname="mainTesting.deleteGist"/>
  <system-out/>
</testsuite> <!-- mainTesting.deleteGist -->
