<?xml version="1.0" encoding="UTF-8"?>
<!-- Generated by org.testng.reporters.JUnitReportReporter -->
<testsuite skipped="0" hostname="DaditMacBookPro.local" name="mainTesting.editGist" tests="1" failures="0" timestamp="2020-05-07T23:12:21 WIB" time="27.396" errors="0">
  <testcase name="exploratoryGist" time="27.396" classname="mainTesting.editGist"/>
  <system-out/>
</testsuite> <!-- mainTesting.editGist -->
