<?xml version="1.0" encoding="UTF-8"?>
<!-- Generated by org.testng.reporters.JUnitReportReporter -->
<testsuite skipped="0" hostname="DaditMacBookPro.local" name="mainTesting.exploreGist" tests="1" failures="0" timestamp="2020-05-07T22:08:36 WIB" time="15.320" errors="0">
  <testcase name="exploratoryGist" time="15.320" classname="mainTesting.exploreGist"/>
  <system-out/>
</testsuite> <!-- mainTesting.exploreGist -->
