<?xml version="1.0" encoding="UTF-8"?>
<!-- Generated by org.testng.reporters.JUnitReportReporter -->
<testsuite skipped="0" hostname="DaditMacBookPro.local" name="mainTesting.addNewGist" tests="1" failures="0" timestamp="2020-05-07T23:33:11 WIB" time="24.155" errors="0">
  <testcase name="exploratoryGist" time="24.155" classname="mainTesting.addNewGist"/>
  <system-out/>
</testsuite> <!-- mainTesting.addNewGist -->
