<?xml version="1.0" encoding="UTF-8"?>
<!-- Generated by org.testng.reporters.JUnitReportReporter -->
<testsuite skipped="0" hostname="DaditMacBookPro.local" name="mainTesting.exploreGist2" tests="1" failures="0" timestamp="2020-05-07T22:08:37 WIB" time="12.289" errors="0">
  <testcase name="exploratoryGist" time="12.289" classname="mainTesting.exploreGist2"/>
  <system-out/>
</testsuite> <!-- mainTesting.exploreGist2 -->
